<?xml version="1.0" encoding="UTF-8"?>
<!-- Generated by org.testng.reporters.JUnitReportReporter -->
<testsuite hostname="DESKTOP-QVCOGF6" failures="0" tests="2" name="testCases.TC002_LoginTest" time="5.453" errors="0" timestamp="2025-07-13T21:24:55 IST" skipped="0">
  <testcase classname="testCases.TC002_LoginTest" name="verify_Login" time="3.199"/>
  <testcase classname="testCases.TC002_LoginTest" name="verify_Login" time="2.254"/>
</testsuite> <!-- testCases.TC002_LoginTest -->
