<?xml version="1.0" encoding="UTF-8"?>
<!-- Generated by org.testng.reporters.JUnitReportReporter -->
<testsuite hostname="DESKTOP-QVCOGF6" failures="0" tests="2" name="testCases.TC001_AccountRegistrationTest" time="9.831" errors="0" timestamp="2025-07-13T21:24:55 IST" skipped="0">
  <testcase classname="testCases.TC001_AccountRegistrationTest" name="verify_account_registration" time="5.513"/>
  <testcase classname="testCases.TC001_AccountRegistrationTest" name="verify_account_registration" time="4.318"/>
</testsuite> <!-- testCases.TC001_AccountRegistrationTest -->
