<?xml version="1.0" encoding="UTF-8"?>
<!-- Generated by org.testng.reporters.JUnitReportReporter -->
<testsuite hostname="DESKTOP-QVCOGF6" failures="0" tests="5" name="testCases.TC_003LoginDataDrivenTest" time="38.787" errors="0" timestamp="2025-07-10T02:13:56 IST" skipped="0">
  <testcase classname="testCases.TC_003LoginDataDrivenTest" name="verify_loginDDT" time="2.622"/>
  <testcase classname="testCases.TC_003LoginDataDrivenTest" name="verify_loginDDT" time="11.448"/>
  <testcase classname="testCases.TC_003LoginDataDrivenTest" name="verify_loginDDT" time="11.314"/>
  <testcase classname="testCases.TC_003LoginDataDrivenTest" name="verify_loginDDT" time="11.596"/>
  <testcase classname="testCases.TC_003LoginDataDrivenTest" name="verify_loginDDT" time="1.807"/>
</testsuite> <!-- testCases.TC_003LoginDataDrivenTest -->
